{"numTotalTestSuites":61,"numPassedTestSuites":61,"numFailedTestSuites":0,"numPendingTestSuites":0,"numTotalTests":335,"numPassedTests":334,"numFailedTests":1,"numPendingTests":0,"numTodoTests":0,"startTime":1779869373509,"success":false,"testResults":[{"assertionResults":[{"ancestorTitles":["","baize local hub API"],"fullName":" baize local hub API returns health status","status":"passed","title":"returns health status","duration":18,"failureMessages":[]},{"ancestorTitles":["","baize local hub API"],"fullName":" baize local hub API returns global config markdown and parsed yaml","status":"passed","title":"returns global config markdown and parsed yaml","duration":15,"failureMessages":[]},{"ancestorTitles":["","baize local hub API"],"fullName":" baize local hub API returns empty global config when config files are missing","status":"passed","title":"returns empty global config when config files are missing","duration":11,"failureMessages":[]},{"ancestorTitles":["","baize local hub API"],"fullName":" baize local hub API returns public Claude Code config","status":"passed","title":"returns public Claude Code config","duration":11,"failureMessages":[]},{"ancestorTitles":["","baize local hub API"],"fullName":" baize local hub API returns client runtime control-plane status","status":"passed","title":"returns client runtime control-plane status","duration":12,"failureMessages":[]},{"ancestorTitles":["","baize local hub API"],"fullName":" baize local hub API returns plugin update control-plane status","status":"passed","title":"returns plugin update control-plane status","duration":13,"failureMessages":[]},{"ancestorTitles":["","baize local hub API"],"fullName":" baize local hub API returns client forced update status without leaking file paths","status":"passed","title":"returns client forced update status without leaking file paths","duration":10,"failureMessages":[]},{"ancestorTitles":["","baize local hub API"],"fullName":" baize local hub API returns public Claude config without leaking API key","status":"passed","title":"returns public Claude config without leaking API key","duration":9,"failureMessages":[]},{"ancestorTitles":["","baize local hub API"],"fullName":" baize local hub API hides internal errors from API responses","status":"passed","title":"hides internal errors from API responses","duration":9,"failureMessages":[]},{"ancestorTitles":["","baize local hub API"],"fullName":" baize local hub API writes shallow memory through the API","status":"passed","title":"writes shallow memory through the API","duration":10,"failureMessages":[]},{"ancestorTitles":["","baize local hub API"],"fullName":" baize local hub API finds shallow memory through the API","status":"passed","title":"finds shallow memory through the API","duration":14,"failureMessages":[]},{"ancestorTitles":["","baize local hub API"],"fullName":" baize local hub API returns empty shallow memory results when a category file is missing","status":"passed","title":"returns empty shallow memory results when a category file is missing","duration":6,"failureMessages":[]},{"ancestorTitles":["","baize local hub API"],"fullName":" baize local hub API registers a deep memory index through the API","status":"passed","title":"registers a deep memory index through the API","duration":7,"failureMessages":[]},{"ancestorTitles":["","baize local hub API"],"fullName":" baize local hub API rejects deep memory index paths outside baize root through the API","status":"passed","title":"rejects deep memory index paths outside baize root through the API","duration":5,"failureMessages":[]},{"ancestorTitles":["","baize local hub API"],"fullName":" baize local hub API drafts a passive logic assertion through the API","status":"passed","title":"drafts a passive logic assertion through the API","duration":7,"failureMessages":[]},{"ancestorTitles":["","baize local hub API"],"fullName":" baize local hub API appends and lists sync events through the API","status":"passed","title":"appends and lists sync events through the API","duration":10,"failureMessages":[]},{"ancestorTitles":["","baize local hub API"],"fullName":" baize local hub API rejects unsupported sync event types through the API","status":"passed","title":"rejects unsupported sync event types through the API","duration":6,"failureMessages":[]},{"ancestorTitles":["","baize local hub API"],"fullName":" baize local hub API ignores request supplied baizeRoot for memory writes","status":"passed","title":"ignores request supplied baizeRoot for memory writes","duration":7,"failureMessages":[]},{"ancestorTitles":["","baize local hub API"],"fullName":" baize local hub API ignores request supplied baizeRoot for logic writes","status":"passed","title":"ignores request supplied baizeRoot for logic writes","duration":5,"failureMessages":[]},{"ancestorTitles":["","baize local hub API"],"fullName":" baize local hub API returns validation error for unsupported shallow memory category","status":"passed","title":"returns validation error for unsupported shallow memory category","duration":5,"failureMessages":[]},{"ancestorTitles":["","baize local hub API"],"fullName":" baize local hub API returns validation error for invalid JSON","status":"passed","title":"returns validation error for invalid JSON","duration":45,"failureMessages":[]},{"ancestorTitles":["","baize local hub API"],"fullName":" baize local hub API returns payload too large for oversized JSON bodies","status":"passed","title":"returns payload too large for oversized JSON bodies","duration":7,"failureMessages":[]},{"ancestorTitles":["","baize local hub API"],"fullName":" baize local hub API returns validation error for missing shallow memory content","status":"passed","title":"returns validation error for missing shallow memory content","duration":3,"failureMessages":[]},{"ancestorTitles":["","baize local hub API"],"fullName":" baize local hub API handles desktop chat messages through the unified chat endpoint","status":"passed","title":"handles desktop chat messages through the unified chat endpoint","duration":15,"failureMessages":[]},{"ancestorTitles":["","baize local hub API"],"fullName":" baize local hub API streams desktop chat messages through the unified stream endpoint","status":"passed","title":"streams desktop chat messages through the unified stream endpoint","duration":13,"failureMessages":[]},{"ancestorTitles":["","baize local hub API"],"fullName":" baize local hub API confirms Claude Code operations and stores patch proposals","status":"passed","title":"confirms Claude Code operations and stores patch proposals","duration":9,"failureMessages":[]},{"ancestorTitles":["","baize local hub API"],"fullName":" baize local hub API uploads attachments and confirms memory through the API","status":"passed","title":"uploads attachments and confirms memory through the API","duration":8,"failureMessages":[]},{"ancestorTitles":["","baize local hub API"],"fullName":" baize local hub API lists and loads persisted conversations through the API","status":"passed","title":"lists and loads persisted conversations through the API","duration":22,"failureMessages":[]},{"ancestorTitles":["","baize local hub API"],"fullName":" baize local hub API returns validation error for missing chat text","status":"passed","title":"returns validation error for missing chat text","duration":5,"failureMessages":[]},{"ancestorTitles":["","baize local hub API"],"fullName":" baize local hub API routes chat through Claude Code fallback when Claude classification is unavailable","status":"passed","title":"routes chat through Claude Code fallback when Claude classification is unavailable","duration":10,"failureMessages":[]},{"ancestorTitles":["","baize local hub API"],"fullName":" baize local hub API handles WeCom webhook messages that mention Baize","status":"passed","title":"handles WeCom webhook messages that mention Baize","duration":11,"failureMessages":[]},{"ancestorTitles":["","baize local hub API"],"fullName":" baize local hub API ignores WeCom webhook messages that do not mention Baize","status":"passed","title":"ignores WeCom webhook messages that do not mention Baize","duration":3,"failureMessages":[]},{"ancestorTitles":["","baize local hub API"],"fullName":" baize local hub API returns validation error for unsupported WeCom webhook messages","status":"passed","title":"returns validation error for unsupported WeCom webhook messages","duration":5,"failureMessages":[]},{"ancestorTitles":["","baize local hub API"],"fullName":" baize local hub API returns Jira plugin status without leaking credentials","status":"passed","title":"returns Jira plugin status without leaking credentials","duration":4,"failureMessages":[]},{"ancestorTitles":["","baize local hub API"],"fullName":" baize local hub API returns Jira completion timing data through the search API","status":"passed","title":"returns Jira completion timing data through the search API","duration":5,"failureMessages":[]},{"ancestorTitles":["","baize local hub API"],"fullName":" baize local hub API previews Jira import drafts and confirms creation through the API","status":"passed","title":"previews Jira import drafts and confirms creation through the API","duration":13,"failureMessages":[]},{"ancestorTitles":["","baize local hub API"],"fullName":" baize local hub API asks the client to supplement project key through recovery before confirming Jira creation","status":"passed","title":"asks the client to supplement project key through recovery before confirming Jira creation","duration":16,"failureMessages":[]},{"ancestorTitles":["","baize local hub API"],"fullName":" baize local hub API returns Jira recovery options and applies retry_without_labels through the API","status":"passed","title":"returns Jira recovery options and applies retry_without_labels through the API","duration":13,"failureMessages":[]},{"ancestorTitles":["","baize local hub API"],"fullName":" baize local hub API checks Claude Code confirmed intent before API Jira card confirmation when enabled","status":"passed","title":"checks Claude Code confirmed intent before API Jira card confirmation when enabled","duration":13,"failureMessages":[]},{"ancestorTitles":["","baize local hub API"],"fullName":" baize local hub API returns knowledge base status","status":"passed","title":"returns knowledge base status","duration":5,"failureMessages":[]},{"ancestorTitles":["","baize local hub API"],"fullName":" baize local hub API searches knowledge base documents","status":"passed","title":"searches knowledge base documents","duration":4,"failureMessages":[]},{"ancestorTitles":["","baize local hub API"],"fullName":" baize local hub API creates and confirms a Jira Bug analysis run through the API","status":"passed","title":"creates and confirms a Jira Bug analysis run through the API","duration":7,"failureMessages":[]},{"ancestorTitles":["","baize local hub API"],"fullName":" baize local hub API returns validation error for missing knowledge base query","status":"passed","title":"returns validation error for missing knowledge base query","duration":10,"failureMessages":[]},{"ancestorTitles":["","baize local hub API"],"fullName":" baize local hub API registers a knowledge base document into deep memory index","status":"passed","title":"registers a knowledge base document into deep memory index","duration":4,"failureMessages":[]},{"ancestorTitles":["","baize local hub API"],"fullName":" baize local hub API rejects knowledge base deep index paths outside baize root","status":"passed","title":"rejects knowledge base deep index paths outside baize root","duration":4,"failureMessages":[]},{"ancestorTitles":["","baize local hub API"],"fullName":" baize local hub API returns json 404 for unknown routes","status":"passed","title":"returns json 404 for unknown routes","duration":3,"failureMessages":[]}],"startTime":1779869374259,"endTime":1779869374706,"status":"passed","message":"","name":"D:/zenghaorang/Robot_BaiZe/tests/api.test.js"},{"assertionResults":[{"ancestorTitles":["","attachment service"],"fullName":" attachment service stores and analyzes uploaded text files","status":"passed","title":"stores and analyzes uploaded text files","duration":7,"failureMessages":[]},{"ancestorTitles":["","attachment service"],"fullName":" attachment service stores and analyzes uploaded xlsx files","status":"passed","title":"stores and analyzes uploaded xlsx files","duration":20,"failureMessages":[]},{"ancestorTitles":["","attachment service"],"fullName":" attachment service extracts high-fidelity spreadsheet context and reuses cache","status":"passed","title":"extracts high-fidelity spreadsheet context and reuses cache","duration":11,"failureMessages":[]},{"ancestorTitles":["","attachment service"],"fullName":" attachment service stores archive uploads as pending extractable memory","status":"passed","title":"stores archive uploads as pending extractable memory","duration":3,"failureMessages":[]},{"ancestorTitles":["","attachment service"],"fullName":" attachment service extracts archive attachments into memory on confirmation","status":"passed","title":"extracts archive attachments into memory on confirmation","duration":14,"failureMessages":[]},{"ancestorTitles":["","attachment service"],"fullName":" attachment service adds confirmed attachments to shallow and deep memory","status":"passed","title":"adds confirmed attachments to shallow and deep memory","duration":10,"failureMessages":[]},{"ancestorTitles":["","attachment service"],"fullName":" attachment service analyzes uploaded images with the configured server model","status":"passed","title":"analyzes uploaded images with the configured server model","duration":3,"failureMessages":[]},{"ancestorTitles":["","attachment service"],"fullName":" attachment service keeps image uploads when vision analysis is unavailable","status":"passed","title":"keeps image uploads when vision analysis is unavailable","duration":2,"failureMessages":[]},{"ancestorTitles":["","attachment service"],"fullName":" attachment service adds confirmed image analysis to memory","status":"passed","title":"adds confirmed image analysis to memory","duration":8,"failureMessages":[]},{"ancestorTitles":["","attachment service"],"fullName":" attachment service rejects oversized uploads","status":"passed","title":"rejects oversized uploads","duration":48,"failureMessages":[]}],"startTime":1779869374218,"endTime":1779869374345,"status":"passed","message":"","name":"D:/zenghaorang/Robot_BaiZe/tests/attachment-service.test.js"},{"assertionResults":[{"ancestorTitles":["","baize chat service"],"fullName":" baize chat service returns Baize reply with local knowledge results","status":"passed","title":"returns Baize reply with local knowledge results","duration":31,"failureMessages":[]},{"ancestorTitles":["","baize chat service"],"fullName":" baize chat service persists chat timing logs to runtime jsonl","status":"passed","title":"persists chat timing logs to runtime jsonl","duration":22,"failureMessages":[]},{"ancestorTitles":["","baize chat service"],"fullName":" baize chat service returns Baize reply when no local knowledge matches","status":"passed","title":"returns Baize reply when no local knowledge matches","duration":19,"failureMessages":[]},{"ancestorTitles":["","baize chat service"],"fullName":" baize chat service returns Baize reply from an injected Claude provider","status":"passed","title":"returns Baize reply from an injected Claude provider","duration":17,"failureMessages":[]},{"ancestorTitles":["","baize chat service"],"fullName":" baize chat service passes Baize memory, logic, and skills context to Claude provider","status":"passed","title":"passes Baize memory, logic, and skills context to Claude provider","duration":29,"failureMessages":[]},{"ancestorTitles":["","baize chat service"],"fullName":" baize chat service passes prior messages to Claude when continuing a conversation","status":"passed","title":"passes prior messages to Claude when continuing a conversation","duration":31,"failureMessages":[]},{"ancestorTitles":["","baize chat service"],"fullName":" baize chat service uses Claude provider selected by server config","status":"passed","title":"uses Claude provider selected by server config","duration":18,"failureMessages":[]},{"ancestorTitles":["","baize chat service"],"fullName":" baize chat service rejects Claude provider when API key is missing","status":"passed","title":"rejects Claude provider when API key is missing","duration":12,"failureMessages":[]},{"ancestorTitles":["","baize chat service"],"fullName":" baize chat service streams Claude replies and persists the final assistant message","status":"passed","title":"streams Claude replies and persists the final assistant message","duration":26,"failureMessages":[]},{"ancestorTitles":["","baize chat service"],"fullName":" baize chat service uses Claude API classification before routing ordinary chat","status":"passed","title":"uses Claude API classification before routing ordinary chat","duration":52,"failureMessages":[]},{"ancestorTitles":["","baize chat service"],"fullName":" baize chat service uses Claude API classification to send Jira creation to Claude Code confirmation flow","status":"passed","title":"uses Claude API classification to send Jira creation to Claude Code confirmation flow","duration":18,"failureMessages":[]},{"ancestorTitles":["","baize chat service"],"fullName":" baize chat service falls back to Claude Code operation intent when Claude API classification fails","status":"passed","title":"falls back to Claude Code operation intent when Claude API classification fails","duration":15,"failureMessages":[]},{"ancestorTitles":["","baize chat service"],"fullName":" baize chat service keeps explicit Jira creation on the operation path even when classification says readonly","status":"passed","title":"keeps explicit Jira creation on the operation path even when classification says readonly","duration":14,"failureMessages":[]},{"ancestorTitles":["","baize chat service"],"fullName":" baize chat service does not call Claude API classification for explicit providers","status":"passed","title":"does not call Claude API classification for explicit providers","duration":13,"failureMessages":[]},{"ancestorTitles":["","baize chat service"],"fullName":" baize chat service routes readonly engineering requests to Claude Code operation intent when enabled","status":"passed","title":"routes readonly engineering requests to Claude Code operation intent when enabled","duration":14,"failureMessages":[]},{"ancestorTitles":["","baize chat service"],"fullName":" baize chat service does not execute Claude Code operation intent when disabled","status":"passed","title":"does not execute Claude Code operation intent when disabled","duration":9,"failureMessages":[]},{"ancestorTitles":["","baize chat service"],"fullName":" baize chat service streams Claude Code replies with compatible events","status":"passed","title":"streams Claude Code replies with compatible events","duration":10,"failureMessages":[]},{"ancestorTitles":["","baize chat service"],"fullName":" baize chat service runs Claude Code operation intent for engineering write requests instead of local write gating","status":"passed","title":"runs Claude Code operation intent for engineering write requests instead of local write gating","duration":11,"failureMessages":[]},{"ancestorTitles":["","baize chat service"],"fullName":" baize chat service routes Jira create requests through Claude Code draft confirmation","status":"passed","title":"routes Jira create requests through Claude Code draft confirmation","duration":13,"failureMessages":[]},{"ancestorTitles":["","baize chat service"],"fullName":" baize chat service does not treat logic assertion instructions as pending Jira draft updates","status":"passed","title":"does not treat logic assertion instructions as pending Jira draft updates","duration":18,"failureMessages":[]},{"ancestorTitles":["","baize chat service"],"fullName":" baize chat service uses Claude Code operation intent to create Jira confirmation cards when enabled","status":"passed","title":"uses Claude Code operation intent to create Jira confirmation cards when enabled","duration":13,"failureMessages":[]},{"ancestorTitles":["","baize chat service"],"fullName":" baize chat service runs Claude Code confirmed intent before typed Jira confirmation when enabled","status":"passed","title":"runs Claude Code confirmed intent before typed Jira confirmation when enabled","duration":20,"failureMessages":[]},{"ancestorTitles":["","baize chat service"],"fullName":" baize chat service emits Jira recovery event when typed confirmation hits a recoverable plugin error","status":"passed","title":"emits Jira recovery event when typed confirmation hits a recoverable plugin error","duration":20,"failureMessages":[]},{"ancestorTitles":["","baize chat service"],"fullName":" baize chat service uses server Claude to parse xlsx attachments with unclear columns","status":"passed","title":"uses server Claude to parse xlsx attachments with unclear columns","duration":27,"failureMessages":[]},{"ancestorTitles":["","baize chat service"],"fullName":" baize chat service ignores flattened xlsx attachment summaries when asking Claude for Jira drafts","status":"passed","title":"ignores flattened xlsx attachment summaries when asking Claude for Jira drafts","duration":16,"failureMessages":[]},{"ancestorTitles":["","baize chat service"],"fullName":" baize chat service uses Claude Code with stored xlsx attachments for classified Jira create","status":"passed","title":"uses Claude Code with stored xlsx attachments for classified Jira create","duration":16,"failureMessages":[]},{"ancestorTitles":["","baize chat service"],"fullName":" baize chat service routes non-ordinary other classification to Claude Code when enabled","status":"passed","title":"routes non-ordinary other classification to Claude Code when enabled","duration":10,"failureMessages":[]},{"ancestorTitles":["","baize chat service"],"fullName":" baize chat service uses Claude Code with latest conversation xlsx attachment without explicit attachment ids","status":"passed","title":"uses Claude Code with latest conversation xlsx attachment without explicit attachment ids","duration":16,"failureMessages":[]},{"ancestorTitles":["","baize chat service"],"fullName":" baize chat service reuses the latest conversation xlsx attachment for Jira drafts without reuploading","status":"passed","title":"reuses the latest conversation xlsx attachment for Jira drafts without reuploading","duration":13,"failureMessages":[]},{"ancestorTitles":["","baize chat service"],"fullName":" baize chat service uses server Claude to parse xlsx attachments even when headers match directly","status":"passed","title":"uses server Claude to parse xlsx attachments even when headers match directly","duration":16,"failureMessages":[]},{"ancestorTitles":["","baize chat service"],"fullName":" baize chat service routes natural Jira create requests with project key to draft confirmation","status":"passed","title":"routes natural Jira create requests with project key to draft confirmation","duration":11,"failureMessages":[]},{"ancestorTitles":["","baize chat service"],"fullName":" baize chat service updates latest pending Jira draft from typed assignee follow-up","status":"passed","title":"updates latest pending Jira draft from typed assignee follow-up","duration":19,"failureMessages":[]},{"ancestorTitles":["","baize chat service"],"fullName":" baize chat service updates pending Jira draft project key without falling through to Claude","status":"passed","title":"updates pending Jira draft project key without falling through to Claude","duration":25,"failureMessages":[]},{"ancestorTitles":["","baize chat service"],"fullName":" baize chat service does not update or confirm Jira operations from another conversation","status":"passed","title":"does not update or confirm Jira operations from another conversation","duration":21,"failureMessages":[]},{"ancestorTitles":["","baize chat service"],"fullName":" baize chat service supersedes old pending Jira draft when creating a new one in the same conversation","status":"passed","title":"supersedes old pending Jira draft when creating a new one in the same conversation","duration":20,"failureMessages":[]},{"ancestorTitles":["","baize chat service"],"fullName":" baize chat service enriches Jira drafts with read-only Jira project and user data before confirmation","status":"passed","title":"enriches Jira drafts with read-only Jira project and user data before confirmation","duration":16,"failureMessages":[]},{"ancestorTitles":["","baize chat service"],"fullName":" baize chat service confirms latest pending Jira operation from typed confirmation","status":"passed","title":"confirms latest pending Jira operation from typed confirmation","duration":18,"failureMessages":[]},{"ancestorTitles":["","baize chat service"],"fullName":" baize chat service streams Jira create operation events for desktop confirmation cards","status":"passed","title":"streams Jira create operation events for desktop confirmation cards","duration":11,"failureMessages":[]},{"ancestorTitles":["","baize chat service"],"fullName":" baize chat service streams Jira search supplement events only after Claude Code requests user choice","status":"passed","title":"streams Jira search supplement events only after Claude Code requests user choice","duration":12,"failureMessages":[]},{"ancestorTitles":["","baize chat service"],"fullName":" baize chat service routes single-comment writes through the audit gateway and executes only after confirm","status":"passed","title":"routes single-comment writes through the audit gateway and executes only after confirm","duration":13,"failureMessages":[]},{"ancestorTitles":["","baize chat service"],"fullName":" baize chat service feeds Jira write failure back to Claude Code and stops after maxRecoveryAttempts","status":"passed","title":"feeds Jira write failure back to Claude Code and stops after maxRecoveryAttempts","duration":15,"failureMessages":[]},{"ancestorTitles":["","baize chat service"],"fullName":" baize chat service updates AI-created Jira issues through gateway with confirmation and Jira PUT","status":"passed","title":"updates AI-created Jira issues through gateway with confirmation and Jira PUT","duration":12,"failureMessages":[]},{"ancestorTitles":["","baize chat service"],"fullName":" baize chat service denies update_issue against non-AI created issues","status":"passed","title":"denies update_issue against non-AI created issues","duration":11,"failureMessages":[]},{"ancestorTitles":["","baize chat service"],"fullName":" baize chat service routes jira_delete_comment through the audit officer and stops at require_confirmation","status":"passed","title":"routes jira_delete_comment through the audit officer and stops at require_confirmation","duration":14,"failureMessages":[]},{"ancestorTitles":["","baize chat service"],"fullName":" baize chat service deletes only baize-authored AI-prefixed comments on the given Jira issues without confirmation","status":"passed","title":"deletes only baize-authored AI-prefixed comments on the given Jira issues without confirmation","duration":19,"failureMessages":[]},{"ancestorTitles":["","baize chat service"],"fullName":" baize chat service refuses to delete Jira comments when there is no Jira account identity configured","status":"passed","title":"refuses to delete Jira comments when there is no Jira account identity configured","duration":12,"failureMessages":[]},{"ancestorTitles":["","baize chat service"],"fullName":" baize chat service bulk-writes Jira comments with per-issue bodies without confirmation","status":"passed","title":"bulk-writes Jira comments with per-issue bodies without confirmation","duration":12,"failureMessages":[]},{"ancestorTitles":["","baize chat service"],"fullName":" baize chat service bulk-writes Jira comments across multiple issues without confirmation","status":"passed","title":"bulk-writes Jira comments across multiple issues without confirmation","duration":11,"failureMessages":[]},{"ancestorTitles":["","baize chat service"],"fullName":" baize chat service routes Jira BUG AI analysis comments through engineering bug analysis first","status":"passed","title":"routes Jira BUG AI analysis comments through engineering bug analysis first","duration":18,"failureMessages":[]},{"ancestorTitles":["","baize chat service"],"fullName":" baize chat service routes contextual BUG analysis requests through Claude Code operation intent","status":"passed","title":"routes contextual BUG analysis requests through Claude Code operation intent","duration":16,"failureMessages":[]},{"ancestorTitles":["","baize chat service"],"fullName":" baize chat service routes short BUG analysis continuation requests from conversation context","status":"passed","title":"routes short BUG analysis continuation requests from conversation context","duration":25,"failureMessages":[]},{"ancestorTitles":["","baize chat service"],"fullName":" baize chat service streams BUG analysis start events when Claude Code returns BUG analysis intent","status":"passed","title":"streams BUG analysis start events when Claude Code returns BUG analysis intent","duration":15,"failureMessages":[]},{"ancestorTitles":["","baize chat service"],"fullName":" baize chat service does not start BUG analysis when Claude Code returns bulk comment intent","status":"passed","title":"does not start BUG analysis when Claude Code returns bulk comment intent","duration":16,"failureMessages":[]},{"ancestorTitles":["","baize chat service"],"fullName":" baize chat service asks Claude Code to summarize and then writes the resulting Jira comment without confirmation","status":"passed","title":"asks Claude Code to summarize and then writes the resulting Jira comment without confirmation","duration":12,"failureMessages":[]},{"ancestorTitles":["","baize chat service"],"fullName":" baize chat service streams jira_comment_preview before writing the summarized Jira comment","status":"passed","title":"streams jira_comment_preview before writing the summarized Jira comment","duration":10,"failureMessages":[]},{"ancestorTitles":["","baize chat service"],"fullName":" baize chat service rejects empty text","status":"passed","title":"rejects empty text","duration":5,"failureMessages":[]}],"startTime":1779869374237,"endTime":1779869375187,"status":"passed","message":"","name":"D:/zenghaorang/Robot_BaiZe/tests/chat-service.test.js"},{"assertionResults":[{"ancestorTitles":["","Claude Code service"],"fullName":" Claude Code service builds a readonly Baize context prompt","status":"passed","title":"builds a readonly Baize context prompt","duration":2,"failureMessages":[]},{"ancestorTitles":["","Claude Code service"],"fullName":" Claude Code service runs an injected readonly runner and streams the final reply","status":"passed","title":"runs an injected readonly runner and streams the final reply","duration":18,"failureMessages":[]},{"ancestorTitles":["","Claude Code service"],"fullName":" Claude Code service builds a write proposal prompt without granting write tools","status":"passed","title":"builds a write proposal prompt without granting write tools","duration":0,"failureMessages":[]},{"ancestorTitles":["","Claude Code service"],"fullName":" Claude Code service runs an injected write proposal runner and validates the patch","status":"passed","title":"runs an injected write proposal runner and validates the patch","duration":10,"failureMessages":[]},{"ancestorTitles":["","Claude Code service"],"fullName":" Claude Code service rejects unsafe write proposal patches","status":"passed","title":"rejects unsafe write proposal patches","duration":1,"failureMessages":[]},{"ancestorTitles":["","Claude Code service"],"fullName":" Claude Code service builds an operation intent prompt requiring English Jira draft fields","status":"passed","title":"builds an operation intent prompt requiring English Jira draft fields","duration":0,"failureMessages":[]},{"ancestorTitles":["","Claude Code service"],"fullName":" Claude Code service parses Jira BUG analysis intent from Claude Code output","status":"passed","title":"parses Jira BUG analysis intent from Claude Code output","duration":1,"failureMessages":[]},{"ancestorTitles":["","Claude Code service"],"fullName":" Claude Code service parses Jira BUG analysis intent from single issueKey and entries","status":"passed","title":"parses Jira BUG analysis intent from single issueKey and entries","duration":1,"failureMessages":[]},{"ancestorTitles":["","Claude Code service"],"fullName":" Claude Code service rejects invalid Jira BUG analysis intents","status":"passed","title":"rejects invalid Jira BUG analysis intents","duration":0,"failureMessages":[]},{"ancestorTitles":["","Claude Code service"],"fullName":" Claude Code service parses Jira search status arrays from Claude Code output","status":"passed","title":"parses Jira search status arrays from Claude Code output","duration":0,"failureMessages":[]},{"ancestorTitles":["","Claude Code service"],"fullName":" Claude Code service accepts Chinese Jira draft fields from Claude Code output","status":"passed","title":"accepts Chinese Jira draft fields from Claude Code output","duration":0,"failureMessages":[]},{"ancestorTitles":["","Claude Code service"],"fullName":" Claude Code service repairs malformed operation intent output once","status":"passed","title":"repairs malformed operation intent output once","duration":23,"failureMessages":[]},{"ancestorTitles":["","Claude Code service"],"fullName":" Claude Code service builds Claude Code execution recovery analysis prompts","status":"passed","title":"builds Claude Code execution recovery analysis prompts","duration":1,"failureMessages":[]},{"ancestorTitles":["","Claude Code service"],"fullName":" Claude Code service parses Claude Code execution recovery JSON with whitelisted actions","status":"passed","title":"parses Claude Code execution recovery JSON with whitelisted actions","duration":1,"failureMessages":[]},{"ancestorTitles":["","Claude Code service"],"fullName":" Claude Code service rejects unsupported Claude Code execution recovery actions","status":"passed","title":"rejects unsupported Claude Code execution recovery actions","duration":0,"failureMessages":[]},{"ancestorTitles":["","Claude Code service"],"fullName":" Claude Code service analyzes Jira create operation failures before retrying","status":"passed","title":"analyzes Jira create operation failures before retrying","duration":18,"failureMessages":[]},{"ancestorTitles":["","Claude Code service"],"fullName":" Claude Code service parses plugin operation recovery JSON","status":"passed","title":"parses plugin operation recovery JSON","duration":1,"failureMessages":[]},{"ancestorTitles":["","Claude Code service"],"fullName":" Claude Code service rejects plugin operation recovery JSON for another operation","status":"passed","title":"rejects plugin operation recovery JSON for another operation","duration":0,"failureMessages":[]},{"ancestorTitles":["","Claude Code service"],"fullName":" Claude Code service repairs malformed plugin recovery output once","status":"passed","title":"repairs malformed plugin recovery output once","duration":6,"failureMessages":[]},{"ancestorTitles":["","Claude Code service"],"fullName":" Claude Code service loads Claude Code env from settings and explicit config","status":"passed","title":"loads Claude Code env from settings and explicit config","duration":2,"failureMessages":[]},{"ancestorTitles":["","Claude Code service"],"fullName":" Claude Code service runs Claude Code CLI with readonly tools only","status":"passed","title":"runs Claude Code CLI with readonly tools only","duration":4,"failureMessages":[]},{"ancestorTitles":["","Claude Code service"],"fullName":" Claude Code service runs Claude Code CLI with readonly BUG analysis workspace tools and fast model","status":"passed","title":"runs Claude Code CLI with readonly BUG analysis workspace tools and fast model","duration":1,"failureMessages":[]},{"ancestorTitles":["","Claude Code service"],"fullName":" Claude Code service returns a Chinese error when Claude Code command is missing","status":"passed","title":"returns a Chinese error when Claude Code command is missing","duration":1,"failureMessages":[]},{"ancestorTitles":["","Claude Code service"],"fullName":" Claude Code service rejects non-readonly permission modes","status":"passed","title":"rejects non-readonly permission modes","duration":0,"failureMessages":[]},{"ancestorTitles":["","Claude Code service"],"fullName":" Claude Code service parses jira_update_issue intent","status":"passed","title":"parses jira_update_issue intent","duration":0,"failureMessages":[]},{"ancestorTitles":["","Claude Code service"],"fullName":" Claude Code service rejects jira_update_issue intents missing fields","status":"passed","title":"rejects jira_update_issue intents missing fields","duration":1,"failureMessages":[]},{"ancestorTitles":["","Claude Code service"],"fullName":" Claude Code service parses jira_transition_issue intent with transition.name","status":"passed","title":"parses jira_transition_issue intent with transition.name","duration":0,"failureMessages":[]},{"ancestorTitles":["","Claude Code service"],"fullName":" Claude Code service rejects jira_transition_issue without id or name","status":"passed","title":"rejects jira_transition_issue without id or name","duration":0,"failureMessages":[]},{"ancestorTitles":["","Claude Code service"],"fullName":" Claude Code service parses jira_delete_issue intent and dedupes","status":"passed","title":"parses jira_delete_issue intent and dedupes","duration":0,"failureMessages":[]},{"ancestorTitles":["","Claude Code service"],"fullName":" Claude Code service parses jira_write_recovery JSON with retry_with_unchanged_payload","status":"passed","title":"parses jira_write_recovery JSON with retry_with_unchanged_payload","duration":0,"failureMessages":[]},{"ancestorTitles":["","Claude Code service"],"fullName":" Claude Code service rejects jira_write_recovery actions outside whitelist","status":"passed","title":"rejects jira_write_recovery actions outside whitelist","duration":1,"failureMessages":[]},{"ancestorTitles":["","Claude Code service"],"fullName":" Claude Code service parses jira_delete_comment intent with targets and filterScope","status":"passed","title":"parses jira_delete_comment intent with targets and filterScope","duration":0,"failureMessages":[]},{"ancestorTitles":["","Claude Code service"],"fullName":" Claude Code service defaults jira_delete_comment filterScope to self_ai_prefix","status":"passed","title":"defaults jira_delete_comment filterScope to self_ai_prefix","duration":0,"failureMessages":[]},{"ancestorTitles":["","Claude Code service"],"fullName":" Claude Code service rejects jira_delete_comment intents with illegal issue keys","status":"passed","title":"rejects jira_delete_comment intents with illegal issue keys","duration":0,"failureMessages":[]},{"ancestorTitles":["","Claude Code service"],"fullName":" Claude Code service rejects jira_delete_comment intents without targets","status":"passed","title":"rejects jira_delete_comment intents without targets","duration":0,"failureMessages":[]},{"ancestorTitles":["","Claude Code service"],"fullName":" Claude Code service parses Jira bulk add comment intent with entries and per-issue bodies","status":"passed","title":"parses Jira bulk add comment intent with entries and per-issue bodies","duration":1,"failureMessages":[]},{"ancestorTitles":["","Claude Code service"],"fullName":" Claude Code service still accepts legacy issueKeys + body shape and expands to entries","status":"passed","title":"still accepts legacy issueKeys + body shape and expands to entries","duration":0,"failureMessages":[]},{"ancestorTitles":["","Claude Code service"],"fullName":" Claude Code service rejects Jira bulk add comment intents with illegal issue key","status":"passed","title":"rejects Jira bulk add comment intents with illegal issue key","duration":0,"failureMessages":[]},{"ancestorTitles":["","Claude Code service"],"fullName":" Claude Code service rejects Jira bulk add comment intents without entries","status":"passed","title":"rejects Jira bulk add comment intents without entries","duration":0,"failureMessages":[]},{"ancestorTitles":["","Claude Code service"],"fullName":" Claude Code service rejects Jira bulk add comment entries missing body","status":"passed","title":"rejects Jira bulk add comment entries missing body","duration":0,"failureMessages":[]},{"ancestorTitles":["","Claude Code service"],"fullName":" Claude Code service parses Jira summarize-then-comment intent JSON with sources","status":"passed","title":"parses Jira summarize-then-comment intent JSON with sources","duration":1,"failureMessages":[]},{"ancestorTitles":["","Claude Code service"],"fullName":" Claude Code service rejects Jira summarize-then-comment intents with illegal issue key","status":"passed","title":"rejects Jira summarize-then-comment intents with illegal issue key","duration":0,"failureMessages":[]},{"ancestorTitles":["","Claude Code service"],"fullName":" Claude Code service rejects Jira summarize-then-comment intents with overly long body","status":"passed","title":"rejects Jira summarize-then-comment intents with overly long body","duration":0,"failureMessages":[]},{"ancestorTitles":["","Claude Code service"],"fullName":" Claude Code service parses Jira add comment intent JSON","status":"passed","title":"parses Jira add comment intent JSON","duration":0,"failureMessages":[]},{"ancestorTitles":["","Claude Code service"],"fullName":" Claude Code service rejects Jira add comment intents with illegal issue key","status":"passed","title":"rejects Jira add comment intents with illegal issue key","duration":0,"failureMessages":[]},{"ancestorTitles":["","Claude Code service"],"fullName":" Claude Code service rejects Jira add comment intents missing body","status":"passed","title":"rejects Jira add comment intents missing body","duration":0,"failureMessages":[]},{"ancestorTitles":["","Claude Code service"],"fullName":" Claude Code service builds Jira search error recovery prompts with whitelisted actions","status":"passed","title":"builds Jira search error recovery prompts with whitelisted actions","duration":1,"failureMessages":[]},{"ancestorTitles":["","Claude Code service"],"fullName":" Claude Code service parses Jira search recovery JSON with retry rewritten JQL","status":"passed","title":"parses Jira search recovery JSON with retry rewritten JQL","duration":0,"failureMessages":[]},{"ancestorTitles":["","Claude Code service"],"fullName":" Claude Code service parses Jira search recovery JSON that needs user input","status":"passed","title":"parses Jira search recovery JSON that needs user input","duration":0,"failureMessages":[]},{"ancestorTitles":["","Claude Code service"],"fullName":" Claude Code service rejects Jira search recovery actions outside the whitelist","status":"passed","title":"rejects Jira search recovery actions outside the whitelist","duration":0,"failureMessages":[]},{"ancestorTitles":["","Claude Code service"],"fullName":" Claude Code service rejects Jira search recovery retry_available without rewritten JQL","status":"passed","title":"rejects Jira search recovery retry_available without rewritten JQL","duration":1,"failureMessages":[]}],"startTime":1779869373977,"endTime":1779869374074,"status":"passed","message":"","name":"D:/zenghaorang/Robot_BaiZe/tests/claude-code-service.test.js"},{"assertionResults":[{"ancestorTitles":["","claude service"],"fullName":" claude service creates Anthropic client with configured base URL","status":"passed","title":"creates Anthropic client with configured base URL","duration":2,"failureMessages":[]},{"ancestorTitles":["","claude service"],"fullName":" claude service uses model from server Claude config without real network calls","status":"passed","title":"uses model from server Claude config without real network calls","duration":14,"failureMessages":[]},{"ancestorTitles":["","claude service"],"fullName":" claude service formats full Baize context into Claude request without real network calls","status":"passed","title":"formats full Baize context into Claude request without real network calls","duration":11,"failureMessages":[]},{"ancestorTitles":["","claude service"],"fullName":" claude service sends recent conversation history before the current question","status":"passed","title":"sends recent conversation history before the current question","duration":8,"failureMessages":[]},{"ancestorTitles":["","claude service"],"fullName":" claude service streams Claude text deltas without real network calls","status":"passed","title":"streams Claude text deltas without real network calls","duration":11,"failureMessages":[]},{"ancestorTitles":["","claude service"],"fullName":" claude service uploads xlsx files for Claude code execution Jira parsing","status":"passed","title":"uploads xlsx files for Claude code execution Jira parsing","duration":6,"failureMessages":[]},{"ancestorTitles":["","claude service"],"fullName":" claude service falls back to workbook text when Claude file upload is unavailable","status":"passed","title":"falls back to workbook text when Claude file upload is unavailable","duration":21,"failureMessages":[]},{"ancestorTitles":["","claude service"],"fullName":" claude service classifies chat routes through Claude with normalized confirmation rules","status":"passed","title":"classifies chat routes through Claude with normalized confirmation rules","duration":8,"failureMessages":[]},{"ancestorTitles":["","claude service"],"fullName":" claude service returns null for invalid chat route classification output","status":"passed","title":"returns null for invalid chat route classification output","duration":6,"failureMessages":[]},{"ancestorTitles":["","claude service"],"fullName":" claude service analyzes images through the configured Claude model without real network calls","status":"passed","title":"analyzes images through the configured Claude model without real network calls","duration":7,"failureMessages":[]}],"startTime":1779869374202,"endTime":1779869374296,"status":"passed","message":"","name":"D:/zenghaorang/Robot_BaiZe/tests/claude-service.test.js"},{"assertionResults":[{"ancestorTitles":["","client version service"],"fullName":" client version service compares semantic versions","status":"passed","title":"compares semantic versions","duration":1,"failureMessages":[]},{"ancestorTitles":["","client version service"],"fullName":" client version service returns forced update status without exposing local file paths","status":"passed","title":"returns forced update status without exposing local file paths","duration":29,"failureMessages":[]},{"ancestorTitles":["","client version service"],"fullName":" client version service does not lock the client when force update is enabled but versions match","status":"passed","title":"does not lock the client when force update is enabled but versions match","duration":20,"failureMessages":[]},{"ancestorTitles":["","client version service"],"fullName":" client version service serves only configured update files","status":"passed","title":"serves only configured update files","duration":50,"failureMessages":[]}],"startTime":1779869374007,"endTime":1779869374107,"status":"passed","message":"","name":"D:/zenghaorang/Robot_BaiZe/tests/client-version-service.test.js"},{"assertionResults":[{"ancestorTitles":["","config service"],"fullName":" config service returns safe Claude Code defaults when config is missing","status":"passed","title":"returns safe Claude Code defaults when config is missing","duration":14,"failureMessages":[]},{"ancestorTitles":["","config service"],"fullName":" config service returns public Claude Code config without internal security details","status":"passed","title":"returns public Claude Code config without internal security details","duration":27,"failureMessages":[]},{"ancestorTitles":["","config service"],"fullName":" config service returns Jira config and redacts credentials from public config","status":"passed","title":"returns Jira config and redacts credentials from public config","duration":16,"failureMessages":[]}],"startTime":1779869374003,"endTime":1779869374060,"status":"passed","message":"","name":"D:/zenghaorang/Robot_BaiZe/tests/config-service.test.js"},{"assertionResults":[{"ancestorTitles":["","conversation service"],"fullName":" conversation service creates, lists, and loads server conversations","status":"passed","title":"creates, lists, and loads server conversations","duration":42,"failureMessages":[]},{"ancestorTitles":["","conversation service"],"fullName":" conversation service rejects unsafe conversation ids","status":"passed","title":"rejects unsafe conversation ids","duration":14,"failureMessages":[]}],"startTime":1779869373971,"endTime":1779869374028,"status":"passed","message":"","name":"D:/zenghaorang/Robot_BaiZe/tests/conversation-service.test.js"},{"assertionResults":[{"ancestorTitles":["","desktop Baize API wrapper"],"fullName":" desktop Baize API wrapper normalizes server URLs","status":"passed","title":"normalizes server URLs","duration":1,"failureMessages":[]},{"ancestorTitles":["","desktop Baize API wrapper"],"fullName":" desktop Baize API wrapper rejects invalid server URLs","status":"passed","title":"rejects invalid server URLs","duration":1,"failureMessages":[]},{"ancestorTitles":["","desktop Baize API wrapper"],"fullName":" desktop Baize API wrapper requests health from the configured server","status":"passed","title":"requests health from the configured server","duration":1,"failureMessages":[]},{"ancestorTitles":["","desktop Baize API wrapper"],"fullName":" desktop Baize API wrapper requests public Claude config without sending a key","status":"passed","title":"requests public Claude config without sending a key","duration":0,"failureMessages":[]},{"ancestorTitles":["","desktop Baize API wrapper"],"fullName":" desktop Baize API wrapper requests public Jira config without sending credentials","status":"passed","title":"requests public Jira config without sending credentials","duration":0,"failureMessages":[]},{"ancestorTitles":["","desktop Baize API wrapper"],"fullName":" desktop Baize API wrapper requests client runtime and plugin control-plane status","status":"passed","title":"requests client runtime and plugin control-plane status","duration":1,"failureMessages":[]},{"ancestorTitles":["","desktop Baize API wrapper"],"fullName":" desktop Baize API wrapper requests client version status for forced updates","status":"passed","title":"requests client version status for forced updates","duration":0,"failureMessages":[]},{"ancestorTitles":["","desktop Baize API wrapper"],"fullName":" desktop Baize API wrapper searches Jira issues through the server plugin endpoint","status":"passed","title":"searches Jira issues through the server plugin endpoint","duration":1,"failureMessages":[]},{"ancestorTitles":["","desktop Baize API wrapper"],"fullName":" desktop Baize API wrapper sends desktop chat messages","status":"passed","title":"sends desktop chat messages","duration":0,"failureMessages":[]},{"ancestorTitles":["","desktop Baize API wrapper"],"fullName":" desktop Baize API wrapper streams desktop chat messages","status":"passed","title":"streams desktop chat messages","duration":1,"failureMessages":[]},{"ancestorTitles":["","desktop Baize API wrapper"],"fullName":" desktop Baize API wrapper calls server conversation endpoints","status":"passed","title":"calls server conversation endpoints","duration":1,"failureMessages":[]},{"ancestorTitles":["","desktop Baize API wrapper"],"fullName":" desktop Baize API wrapper calls sync event endpoints","status":"passed","title":"calls sync event endpoints","duration":0,"failureMessages":[]},{"ancestorTitles":["","desktop Baize API wrapper"],"fullName":" desktop Baize API wrapper calls Claude Code operation endpoints","status":"passed","title":"calls Claude Code operation endpoints","duration":0,"failureMessages":[]},{"ancestorTitles":["","desktop Baize API wrapper"],"fullName":" desktop Baize API wrapper calls Jira import and operation endpoints","status":"passed","title":"calls Jira import and operation endpoints","duration":0,"failureMessages":[]},{"ancestorTitles":["","desktop Baize API wrapper"],"fullName":" desktop Baize API wrapper calls Jira Bug analysis endpoints","status":"passed","title":"calls Jira Bug analysis endpoints","duration":1,"failureMessages":[]},{"ancestorTitles":["","desktop Baize API wrapper"],"fullName":" desktop Baize API wrapper calls attachment upload and memory endpoints","status":"passed","title":"calls attachment upload and memory endpoints","duration":0,"failureMessages":[]},{"ancestorTitles":["","desktop Baize API wrapper"],"fullName":" desktop Baize API wrapper surfaces cancelled stream requests","status":"passed","title":"surfaces cancelled stream requests","duration":0,"failureMessages":[]},{"ancestorTitles":["","desktop Baize API wrapper"],"fullName":" desktop Baize API wrapper surfaces server API errors","status":"passed","title":"surfaces server API errors","duration":0,"failureMessages":[]}],"startTime":1779869373929,"endTime":1779869373937,"status":"passed","message":"","name":"D:/zenghaorang/Robot_BaiZe/tests/desktop-api.test.js"},{"assertionResults":[{"ancestorTitles":["","desktop conversation store"],"fullName":" desktop conversation store persists local conversations and messages","status":"passed","title":"persists local conversations and messages","duration":39,"failureMessages":[]},{"ancestorTitles":["","desktop conversation store"],"fullName":" desktop conversation store persists Jira operation cards on assistant messages","status":"passed","title":"persists Jira operation cards on assistant messages","duration":22,"failureMessages":[]},{"ancestorTitles":["","desktop conversation store"],"fullName":" desktop conversation store persists Jira Bug analysis cards on assistant messages","status":"passed","title":"persists Jira Bug analysis cards on assistant messages","duration":17,"failureMessages":[]},{"ancestorTitles":["","desktop conversation store"],"fullName":" desktop conversation store deletes local conversations and messages","status":"passed","title":"deletes local conversations and messages","duration":16,"failureMessages":[]},{"ancestorTitles":["","desktop conversation store"],"fullName":" desktop conversation store rejects unsafe local conversation ids","status":"passed","title":"rejects unsafe local conversation ids","duration":1,"failureMessages":[]}],"startTime":1779869373967,"endTime":1779869374062,"status":"passed","message":"","name":"D:/zenghaorang/Robot_BaiZe/tests/desktop-conversation-store.test.js"},{"assertionResults":[{"ancestorTitles":["","desktop Jira config store"],"fullName":" desktop Jira config store merges public config with local environment credentials","status":"passed","title":"merges public config with local environment credentials","duration":3,"failureMessages":[]},{"ancestorTitles":["","desktop Jira config store"],"fullName":" desktop Jira config store saves encrypted local credentials and only returns redacted status","status":"passed","title":"saves encrypted local credentials and only returns redacted status","duration":27,"failureMessages":[]}],"startTime":1779869373969,"endTime":1779869373999,"status":"passed","message":"","name":"D:/zenghaorang/Robot_BaiZe/tests/desktop-jira-config-store.test.js"},{"assertionResults":[{"ancestorTitles":["","desktop local Claude Code output parsing"],"fullName":" desktop local Claude Code output parsing includes local readable paths for dragged attachments in the prompt","status":"passed","title":"includes local readable paths for dragged attachments in the prompt","duration":2,"failureMessages":[]},{"ancestorTitles":["","desktop local Claude Code output parsing"],"fullName":" desktop local Claude Code output parsing does not invent local paths for pasted data attachments","status":"passed","title":"does not invent local paths for pasted data attachments","duration":0,"failureMessages":[]},{"ancestorTitles":["","desktop local Claude Code output parsing"],"fullName":" desktop local Claude Code output parsing resolves packaged Claude Code before terminal PATH","status":"passed","title":"resolves packaged Claude Code before terminal PATH","duration":0,"failureMessages":[]},{"ancestorTitles":["","desktop local Claude Code output parsing"],"fullName":" desktop local Claude Code output parsing checks app.asar.unpacked before app.asar in packaged Electron builds","status":"passed","title":"checks app.asar.unpacked before app.asar in packaged Electron builds","duration":1,"failureMessages":[]},{"ancestorTitles":["","desktop local Claude Code output parsing"],"fullName":" desktop local Claude Code output parsing allows environment command override before packaged Claude Code","status":"passed","title":"allows environment command override before packaged Claude Code","duration":0,"failureMessages":[]},{"ancestorTitles":["","desktop local Claude Code output parsing"],"fullName":" desktop local Claude Code output parsing runs local Claude Code with full local file permissions","status":"passed","title":"runs local Claude Code with full local file permissions","duration":8,"failureMessages":[]},{"ancestorTitles":["","desktop local Claude Code output parsing"],"fullName":" desktop local Claude Code output parsing streams visible Claude Code events from stream-json output","status":"passed","title":"streams visible Claude Code events from stream-json output","duration":16,"failureMessages":[]},{"ancestorTitles":["","desktop local Claude Code output parsing"],"fullName":" desktop local Claude Code output parsing passes resume session id to Claude Code CLI","status":"passed","title":"passes resume session id to Claude Code CLI","duration":15,"failureMessages":[]},{"ancestorTitles":["","desktop local Claude Code output parsing"],"fullName":" desktop local Claude Code output parsing reuses saved Claude Code sessions for the same conversation","status":"passed","title":"reuses saved Claude Code sessions for the same conversation","duration":1,"failureMessages":[]},{"ancestorTitles":["","desktop local Claude Code output parsing"],"fullName":" desktop local Claude Code output parsing reuses saved Claude Code sessions for streamed chat","status":"passed","title":"reuses saved Claude Code sessions for streamed chat","duration":1,"failureMessages":[]},{"ancestorTitles":["","desktop local Claude Code output parsing"],"fullName":" desktop local Claude Code output parsing parses Jira client operations from structured replies","status":"passed","title":"parses Jira client operations from structured replies","duration":1,"failureMessages":[]},{"ancestorTitles":["","desktop local Claude Code output parsing"],"fullName":" desktop local Claude Code output parsing executes client operations and resumes Claude Code with results","status":"passed","title":"executes client operations and resumes Claude Code with results","duration":1,"failureMessages":[]},{"ancestorTitles":["","desktop local Claude Code output parsing"],"fullName":" desktop local Claude Code output parsing carries Jira create operation results into the final local chat result","status":"passed","title":"carries Jira create operation results into the final local chat result","duration":0,"failureMessages":[]},{"ancestorTitles":["","desktop local Claude Code output parsing"],"fullName":" desktop local Claude Code output parsing parses structured replies with allowed sync events","status":"passed","title":"parses structured replies with allowed sync events","duration":0,"failureMessages":[]},{"ancestorTitles":["","desktop local Claude Code output parsing"],"fullName":" desktop local Claude Code output parsing keeps plain text replies without sync events","status":"passed","title":"keeps plain text replies without sync events","duration":0,"failureMessages":[]},{"ancestorTitles":["","desktop local Claude Code output parsing"],"fullName":" desktop local Claude Code output parsing filters sync events that should not be uploaded by local chat","status":"passed","title":"filters sync events that should not be uploaded by local chat","duration":0,"failureMessages":[]},{"ancestorTitles":["","desktop local Claude Code output parsing"],"fullName":" desktop local Claude Code output parsing tells local Claude Code to upload only memory and logic changes","status":"passed","title":"tells local Claude Code to upload only memory and logic changes","duration":0,"failureMessages":[]}],"startTime":1779869373929,"endTime":1779869373975,"status":"passed","message":"","name":"D:/zenghaorang/Robot_BaiZe/tests/desktop-local-claude-code.test.js"},{"assertionResults":[{"ancestorTitles":["","desktop local Jira service"],"fullName":" desktop local Jira service creates local Jira import drafts with operation cards","status":"passed","title":"creates local Jira import drafts with operation cards","duration":10,"failureMessages":[]},{"ancestorTitles":["","desktop local Jira service"],"fullName":" desktop local Jira service confirms local Jira operations with local credentials","status":"passed","title":"confirms local Jira operations with local credentials","duration":10,"failureMessages":[]},{"ancestorTitles":["","desktop local Jira service"],"fullName":" desktop local Jira service creates missing project key operations as local recovery cards","status":"passed","title":"creates missing project key operations as local recovery cards","duration":5,"failureMessages":[]},{"ancestorTitles":["","desktop local Jira service"],"fullName":" desktop local Jira service retries local Jira creation without labels after recovery","status":"passed","title":"retries local Jira creation without labels after recovery","duration":44,"failureMessages":[]}],"startTime":1779869373929,"endTime":1779869373998,"status":"passed","message":"","name":"D:/zenghaorang/Robot_BaiZe/tests/desktop-local-jira-service.test.js"},{"assertionResults":[{"ancestorTitles":["","desktop local runtime"],"fullName":" desktop local runtime sends chat through local Claude Code with plugin permissions when enabled by runtime config","status":"passed","title":"sends chat through local Claude Code with plugin permissions when enabled by runtime config","duration":2,"failureMessages":[]},{"ancestorTitles":["","desktop local runtime"],"fullName":" desktop local runtime passes local attachment paths to local Claude Code","status":"passed","title":"passes local attachment paths to local Claude Code","duration":40,"failureMessages":[]},{"ancestorTitles":["","desktop local runtime"],"fullName":" desktop local runtime syncs allowed local Claude Code events to the server","status":"passed","title":"syncs allowed local Claude Code events to the server","duration":2,"failureMessages":[]},{"ancestorTitles":["","desktop local runtime"],"fullName":" desktop local runtime executes allowed Jira client operations from local Claude Code","status":"passed","title":"executes allowed Jira client operations from local Claude Code","duration":1,"failureMessages":[]},{"ancestorTitles":["","desktop local runtime"],"fullName":" desktop local runtime creates a local Jira confirmation card from local Claude Code create operations","status":"passed","title":"creates a local Jira confirmation card from local Claude Code create operations","duration":1,"failureMessages":[]},{"ancestorTitles":["","desktop local runtime"],"fullName":" desktop local runtime denies Jira client operations when local permission is missing","status":"passed","title":"denies Jira client operations when local permission is missing","duration":0,"failureMessages":[]},{"ancestorTitles":["","desktop local runtime"],"fullName":" desktop local runtime does not sync local Claude Code events that are not uploadable","status":"passed","title":"does not sync local Claude Code events that are not uploadable","duration":3,"failureMessages":[]},{"ancestorTitles":["","desktop local runtime"],"fullName":" desktop local runtime sends chat through the server fallback when local Claude Code is disabled","status":"passed","title":"sends chat through the server fallback when local Claude Code is disabled","duration":11,"failureMessages":[]},{"ancestorTitles":["","desktop local runtime"],"fullName":" desktop local runtime streams chat events through local Claude Code when enabled by runtime config","status":"passed","title":"streams chat events through local Claude Code when enabled by runtime config","duration":2,"failureMessages":[]},{"ancestorTitles":["","desktop local runtime"],"fullName":" desktop local runtime streams chat events through the server fallback when local Claude Code is disabled","status":"passed","title":"streams chat events through the server fallback when local Claude Code is disabled","duration":1,"failureMessages":[]},{"ancestorTitles":["","desktop local runtime"],"fullName":" desktop local runtime pulls control-plane status and sync events from the server","status":"passed","title":"pulls control-plane status and sync events from the server","duration":0,"failureMessages":[]},{"ancestorTitles":["","desktop local runtime"],"fullName":" desktop local runtime does not fall back to server stream when local Claude Code fails","status":"passed","title":"does not fall back to server stream when local Claude Code fails","duration":3,"failureMessages":[]}],"startTime":1779869373972,"endTime":1779869374038,"status":"passed","message":"","name":"D:/zenghaorang/Robot_BaiZe/tests/desktop-local-runtime.test.js"},{"assertionResults":[{"ancestorTitles":["","desktop local sync store"],"fullName":" desktop local sync store maps sync event types to local categories","status":"passed","title":"maps sync event types to local categories","duration":3,"failureMessages":[]},{"ancestorTitles":["","desktop local sync store"],"fullName":" desktop local sync store applies sync events into local category caches and tracks last version","status":"passed","title":"applies sync events into local category caches and tracks last version","duration":36,"failureMessages":[]}],"startTime":1779869373965,"endTime":1779869374004,"status":"passed","message":"","name":"D:/zenghaorang/Robot_BaiZe/tests/desktop-local-sync-store.test.js"},{"assertionResults":[{"ancestorTitles":["","desktop patch apply service"],"fullName":" desktop patch apply service previews and applies a safe patch inside workspace","status":"passed","title":"previews and applies a safe patch inside workspace","duration":14,"failureMessages":[]},{"ancestorTitles":["","desktop patch apply service"],"fullName":" desktop patch apply service rejects unsafe patch paths before writing","status":"passed","title":"rejects unsafe patch paths before writing","duration":3,"failureMessages":[]},{"ancestorTitles":["","desktop patch apply service"],"fullName":" desktop patch apply service does not write when patch context mismatches","status":"passed","title":"does not write when patch context mismatches","duration":12,"failureMessages":[]}],"startTime":1779869373966,"endTime":1779869373995,"status":"passed","message":"","name":"D:/zenghaorang/Robot_BaiZe/tests/desktop-patch-apply.test.js"},{"assertionResults":[{"ancestorTitles":["","desktop workspace store"],"fullName":" desktop workspace store authorizes and activates local workspaces","status":"passed","title":"authorizes and activates local workspaces","duration":8,"failureMessages":[]},{"ancestorTitles":["","desktop workspace store"],"fullName":" desktop workspace store rejects invalid workspace ids","status":"passed","title":"rejects invalid workspace ids","duration":1,"failureMessages":[]}],"startTime":1779869374215,"endTime":1779869374224,"status":"passed","message":"","name":"D:/zenghaorang/Robot_BaiZe/tests/desktop-workspace-store.test.js"},{"assertionResults":[{"ancestorTitles":["","engineering intent service"],"fullName":" engineering intent service routes readonly engineering questions to Claude Code","status":"passed","title":"routes readonly engineering questions to Claude Code","duration":3,"failureMessages":[]},{"ancestorTitles":["","engineering intent service"],"fullName":" engineering intent service requires confirmation for write and test requests","status":"passed","title":"requires confirmation for write and test requests","duration":0,"failureMessages":[]},{"ancestorTitles":["","engineering intent service"],"fullName":" engineering intent service marks dangerous requests as dangerous","status":"passed","title":"marks dangerous requests as dangerous","duration":1,"failureMessages":[]},{"ancestorTitles":["","engineering intent service"],"fullName":" engineering intent service does not use Claude Code unless enabled","status":"passed","title":"does not use Claude Code unless enabled","duration":0,"failureMessages":[]}],"startTime":1779869373969,"endTime":1779869373973,"status":"passed","message":"","name":"D:/zenghaorang/Robot_BaiZe/tests/engineering-intent-service.test.js"},{"assertionResults":[{"ancestorTitles":["","Jira origin service"],"fullName":" Jira origin service lists only AI-created issue keys recorded by the server","status":"passed","title":"lists only AI-created issue keys recorded by the server","duration":27,"failureMessages":[]},{"ancestorTitles":["","Jira audit service"],"fullName":" Jira audit service requires confirmation when client deletes comments on AI-created issues","status":"passed","title":"requires confirmation when client deletes comments on AI-created issues","duration":14,"failureMessages":[]},{"ancestorTitles":["","Jira audit service"],"fullName":" Jira audit service allows scheduled deletes on AI-created issues without confirmation","status":"passed","title":"allows scheduled deletes on AI-created issues without confirmation","duration":21,"failureMessages":[]},{"ancestorTitles":["","Jira audit service"],"fullName":" Jira audit service requires confirmation when client deletes comments on non-AI issues","status":"passed","title":"requires confirmation when client deletes comments on non-AI issues","duration":13,"failureMessages":[]},{"ancestorTitles":["","Jira audit service"],"fullName":" Jira audit service denies non-comment write actions on non-AI issues","status":"passed","title":"denies non-comment write actions on non-AI issues","duration":15,"failureMessages":[]},{"ancestorTitles":["","Jira audit service"],"fullName":" Jira audit service allows scheduled comment deletes on non-AI issues without confirmation","status":"passed","title":"allows scheduled comment deletes on non-AI issues without confirmation","duration":10,"failureMessages":[]},{"ancestorTitles":["","Jira audit service"],"fullName":" Jira audit service denies when issueKeys are missing for write actions","status":"passed","title":"denies when issueKeys are missing for write actions","duration":21,"failureMessages":[]},{"ancestorTitles":["","Jira audit service"],"fullName":" Jira audit service requires confirmation for jira_bulk_create even without issueKeys (client)","status":"passed","title":"requires confirmation for jira_bulk_create even without issueKeys (client)","duration":37,"failureMessages":[]},{"ancestorTitles":["","Jira audit service"],"fullName":" Jira audit service allows jira_bulk_create on scheduled triggers","status":"passed","title":"allows jira_bulk_create on scheduled triggers","duration":13,"failureMessages":[]},{"ancestorTitles":["","Jira audit service"],"fullName":" Jira audit service allows update_issue on AI-created issues with confirmation","status":"passed","title":"allows update_issue on AI-created issues with confirmation","duration":10,"failureMessages":[]},{"ancestorTitles":["","Jira audit service"],"fullName":" Jira audit service denies update_issue on non-AI issues even with confirmation","status":"passed","title":"denies update_issue on non-AI issues even with confirmation","duration":11,"failureMessages":[]}],"startTime":1779869373971,"endTime":1779869374163,"status":"passed","message":"","name":"D:/zenghaorang/Robot_BaiZe/tests/jira-audit-service.test.js"},{"assertionResults":[{"ancestorTitles":["","Jira Bug analysis service"],"fullName":" Jira Bug analysis service builds Bug JQL for a project","status":"passed","title":"builds Bug JQL for a project","duration":2,"failureMessages":[]},{"ancestorTitles":["","Jira Bug analysis service"],"fullName":" Jira Bug analysis service creates a confirmed run, analyzes one item, and waits for comment confirmation","status":"passed","title":"creates a confirmed run, analyzes one item, and waits for comment confirmation","duration":80,"failureMessages":[]},{"ancestorTitles":["","Jira Bug analysis service"],"fullName":" Jira Bug analysis service activates scheduled runs from the scheduler tick","status":"passed","title":"activates scheduled runs from the scheduler tick","duration":33,"failureMessages":[]},{"ancestorTitles":["","Jira Bug analysis service"],"fullName":" Jira Bug analysis service rejects SVN-failure drafts that give up on engineering analysis","status":"passed","title":"rejects SVN-failure drafts that give up on engineering analysis","duration":20,"failureMessages":[]},{"ancestorTitles":["","Jira Bug analysis service"],"fullName":" Jira Bug analysis service continues engineering analysis when SVN update fails","status":"passed","title":"continues engineering analysis when SVN update fails","duration":45,"failureMessages":[]},{"ancestorTitles":["","Jira Bug analysis service"],"fullName":" Jira Bug analysis service does not reuse runs that are awaiting comment confirmation","status":"passed","title":"does not reuse runs that are awaiting comment confirmation","duration":40,"failureMessages":[]},{"ancestorTitles":["","Jira Bug analysis service"],"fullName":" Jira Bug analysis service automatically retries failed item analysis up to ten attempts","status":"passed","title":"automatically retries failed item analysis up to ten attempts","duration":40,"failureMessages":[]},{"ancestorTitles":["","Jira Bug analysis service"],"fullName":" Jira Bug analysis service marks active analyzing items failed after the one-hour item timeout","status":"failed","title":"marks active analyzing items failed after the one-hour item timeout","duration":78,"failureMessages":["Bug 分析批次不存在。"],"location":{"line":4,"column":17}},{"ancestorTitles":["","Jira Bug analysis service"],"fullName":" Jira Bug analysis service does not reset active analyzing items during resume before item timeout","status":"passed","title":"does not reset active analyzing items during resume before item timeout","duration":76,"failureMessages":[]},{"ancestorTitles":["","Jira Bug analysis service"],"fullName":" Jira Bug analysis service does not revive a cancelled run when an active item fails afterward","status":"passed","title":"does not revive a cancelled run when an active item fails afterward","duration":59,"failureMessages":[]},{"ancestorTitles":["","Jira Bug analysis service"],"fullName":" Jira Bug analysis service does not run BUG analysis items from different runs concurrently","status":"passed","title":"does not run BUG analysis items from different runs concurrently","duration":63,"failureMessages":[]},{"ancestorTitles":["","Jira Bug analysis service"],"fullName":" Jira Bug analysis service keeps recovery actions on the server whitelist","status":"passed","title":"keeps recovery actions on the server whitelist","duration":8,"failureMessages":[]}],"startTime":1779869373957,"endTime":1779869374501,"status":"failed","message":"","name":"D:/zenghaorang/Robot_BaiZe/tests/jira-bug-analysis-service.test.js"},{"assertionResults":[{"ancestorTitles":["","Jira plugin services"],"fullName":" Jira plugin services builds dynamic JQL from filters","status":"passed","title":"builds dynamic JQL from filters","duration":1,"failureMessages":[]},{"ancestorTitles":["","Jira plugin services"],"fullName":" Jira plugin services analyzes Jira issue status in Chinese summary","status":"passed","title":"analyzes Jira issue status in Chinese summary","duration":1,"failureMessages":[]},{"ancestorTitles":["","Jira plugin services"],"fullName":" Jira plugin services searches Jira issues through configured server credentials","status":"passed","title":"searches Jira issues through configured server credentials","duration":14,"failureMessages":[]},{"ancestorTitles":["","Jira plugin services"],"fullName":" Jira plugin services returns completion timing analysis for client Jira searches","status":"passed","title":"returns completion timing analysis for client Jira searches","duration":9,"failureMessages":[]},{"ancestorTitles":["","Jira plugin services"],"fullName":" Jira plugin services resolves Chinese assignee names before building Jira search JQL","status":"passed","title":"resolves Chinese assignee names before building Jira search JQL","duration":8,"failureMessages":[]},{"ancestorTitles":["","Jira plugin services"],"fullName":" Jira plugin services asks Claude Code to resolve ambiguous Jira user candidates before searching","status":"passed","title":"asks Claude Code to resolve ambiguous Jira user candidates before searching","duration":14,"failureMessages":[]},{"ancestorTitles":["","Jira plugin services"],"fullName":" Jira plugin services converts bug label search and multiple statuses into executable JQL","status":"passed","title":"converts bug label search and multiple statuses into executable JQL","duration":5,"failureMessages":[]},{"ancestorTitles":["","Jira plugin services"],"fullName":" Jira plugin services asks Claude Code to rewrite Jira search JQL after a Jira /search 400 and retries safely","status":"passed","title":"asks Claude Code to rewrite Jira search JQL after a Jira /search 400 and retries safely","duration":15,"failureMessages":[]},{"ancestorTitles":["","Jira plugin services"],"fullName":" Jira plugin services asks Claude Code to analyze Jira search timeouts and retries with rewritten JQL","status":"passed","title":"asks Claude Code to analyze Jira search timeouts and retries with rewritten JQL","duration":19,"failureMessages":[]},{"ancestorTitles":["","Jira plugin services"],"fullName":" Jira plugin services rejects unsafe rewritten JQL from Claude Code and returns not recoverable result","status":"passed","title":"rejects unsafe rewritten JQL from Claude Code and returns not recoverable result","duration":12,"failureMessages":[]},{"ancestorTitles":["","Jira plugin services"],"fullName":" Jira plugin services returns user supplement when Claude Code says Jira search needs user input","status":"passed","title":"returns user supplement when Claude Code says Jira search needs user input","duration":8,"failureMessages":[]},{"ancestorTitles":["","Jira plugin services"],"fullName":" Jira plugin services returns not recoverable after Jira /search keeps failing up to 3 recovery retries","status":"passed","title":"returns not recoverable after Jira /search keeps failing up to 3 recovery retries","duration":13,"failureMessages":[]},{"ancestorTitles":["","Jira plugin services"],"fullName":" Jira plugin services returns a client supplement only when Claude Code cannot resolve Jira user ambiguity","status":"passed","title":"returns a client supplement only when Claude Code cannot resolve Jira user ambiguity","duration":10,"failureMessages":[]},{"ancestorTitles":["","Jira plugin services"],"fullName":" Jira plugin services creates Jira drafts from text lines","status":"passed","title":"creates Jira drafts from text lines","duration":8,"failureMessages":[]},{"ancestorTitles":["","Jira plugin services"],"fullName":" Jira plugin services creates Jira drafts from natural language with project key","status":"passed","title":"creates Jira drafts from natural language with project key","duration":6,"failureMessages":[]},{"ancestorTitles":["","Jira plugin services"],"fullName":" Jira plugin services creates Jira drafts from uploaded attachments","status":"passed","title":"creates Jira drafts from uploaded attachments","duration":9,"failureMessages":[]},{"ancestorTitles":["","Jira plugin services"],"fullName":" Jira plugin services does not parse xlsx files locally before Claude reads them","status":"passed","title":"does not parse xlsx files locally before Claude reads them","duration":7,"failureMessages":[]},{"ancestorTitles":["","Jira plugin services"],"fullName":" Jira plugin services confirms Jira bulk create operations only after preview","status":"passed","title":"confirms Jira bulk create operations only after preview","duration":9,"failureMessages":[]},{"ancestorTitles":["","Jira plugin services"],"fullName":" Jira plugin services surfaces Jira field errors from failed API responses","status":"passed","title":"surfaces Jira field errors from failed API responses","duration":6,"failureMessages":[]},{"ancestorTitles":["","Jira plugin services"],"fullName":" Jira plugin services translates Jira screen field errors before sending them to clients","status":"passed","title":"translates Jira screen field errors before sending them to clients","duration":5,"failureMessages":[]},{"ancestorTitles":["","Jira plugin services"],"fullName":" Jira plugin services creates missing Jira project key operations as user-input recovery cards","status":"passed","title":"creates missing Jira project key operations as user-input recovery cards","duration":7,"failureMessages":[]},{"ancestorTitles":["","Jira plugin services"],"fullName":" Jira plugin services stores structured failure context for Jira labels screen errors","status":"passed","title":"stores structured failure context for Jira labels screen errors","duration":8,"failureMessages":[]},{"ancestorTitles":["","Jira plugin services"],"fullName":" Jira plugin services prechecks Jira create metadata and fails before issue POST when labels are unsupported","status":"passed","title":"prechecks Jira create metadata and fails before issue POST when labels are unsupported","duration":9,"failureMessages":[]},{"ancestorTitles":["","Jira plugin services"],"fullName":" Jira plugin services retries Jira creation without labels after recovery confirmation","status":"passed","title":"retries Jira creation without labels after recovery confirmation","duration":11,"failureMessages":[]},{"ancestorTitles":["","Jira plugin services"],"fullName":" Jira plugin services does not duplicate already created Jira issues during recovery retry","status":"passed","title":"does not duplicate already created Jira issues during recovery retry","duration":10,"failureMessages":[]},{"ancestorTitles":["","Jira plugin services"],"fullName":" Jira plugin services parses natural language assignee from initial Jira create request","status":"passed","title":"parses natural language assignee from initial Jira create request","duration":4,"failureMessages":[]},{"ancestorTitles":["","Jira plugin services"],"fullName":" Jira plugin services maps task owner custom field when creating Jira issues","status":"passed","title":"maps task owner custom field when creating Jira issues","duration":8,"failureMessages":[]},{"ancestorTitles":["","Jira plugin services"],"fullName":" Jira plugin services does not write task owner mapping into Jira system status field","status":"passed","title":"does not write task owner mapping into Jira system status field","duration":8,"failureMessages":[]},{"ancestorTitles":["","Jira plugin services"],"fullName":" Jira plugin services uses Jira Server assignee name when creating issues","status":"passed","title":"uses Jira Server assignee name when creating issues","duration":44,"failureMessages":[]}],"startTime":1779869374205,"endTime":1779869374493,"status":"passed","message":"","name":"D:/zenghaorang/Robot_BaiZe/tests/jira-service.test.js"},{"assertionResults":[{"ancestorTitles":["","knowledge base service"],"fullName":" knowledge base service returns local markdown status","status":"passed","title":"returns local markdown status","duration":43,"failureMessages":[]},{"ancestorTitles":["","knowledge base service"],"fullName":" knowledge base service searches local markdown documents with snippets","status":"passed","title":"searches local markdown documents with snippets","duration":49,"failureMessages":[]},{"ancestorTitles":["","knowledge base service"],"fullName":" knowledge base service rejects empty queries","status":"passed","title":"rejects empty queries","duration":44,"failureMessages":[]},{"ancestorTitles":["","knowledge base service"],"fullName":" knowledge base service rejects invalid limits","status":"passed","title":"rejects invalid limits","duration":11,"failureMessages":[]},{"ancestorTitles":["","knowledge base service"],"fullName":" knowledge base service registers a search result into the deep memory index","status":"passed","title":"registers a search result into the deep memory index","duration":8,"failureMessages":[]},{"ancestorTitles":["","knowledge base service"],"fullName":" knowledge base service rejects index registration outside baize root","status":"passed","title":"rejects index registration outside baize root","duration":8,"failureMessages":[]}],"startTime":1779869373970,"endTime":1779869374134,"status":"passed","message":"","name":"D:/zenghaorang/Robot_BaiZe/tests/knowledge-base-service.test.js"},{"assertionResults":[{"ancestorTitles":["","logic service"],"fullName":" logic service writes passive_detected assertions to drafts and requires confirmation","status":"passed","title":"writes passive_detected assertions to drafts and requires confirmation","duration":9,"failureMessages":[]},{"ancestorTitles":["","logic service"],"fullName":" logic service writes manual assertions to the formal category file without requiring confirmation","status":"passed","title":"writes manual assertions to the formal category file without requiring confirmation","duration":6,"failureMessages":[]},{"ancestorTitles":["","logic service"],"fullName":" logic service reads logic assertions, markdown rules, and executable rules as context","status":"passed","title":"reads logic assertions, markdown rules, and executable rules as context","duration":6,"failureMessages":[]},{"ancestorTitles":["","logic service"],"fullName":" logic service excludes draft assertions by default and can include them explicitly","status":"passed","title":"excludes draft assertions by default and can include them explicitly","duration":16,"failureMessages":[]},{"ancestorTitles":["","logic service"],"fullName":" logic service rejects unsupported logic category","status":"passed","title":"rejects unsupported logic category","duration":8,"failureMessages":[]}],"startTime":1779869373929,"endTime":1779869373975,"status":"passed","message":"","name":"D:/zenghaorang/Robot_BaiZe/tests/logic-service.test.js"},{"assertionResults":[{"ancestorTitles":["","memory service"],"fullName":" memory service appends design shallow memory preserving heading and adding timestamp, source, and content","status":"passed","title":"appends design shallow memory preserving heading and adding timestamp, source, and content","duration":26,"failureMessages":[]},{"ancestorTitles":["","memory service"],"fullName":" memory service searches shallow memory by category and query","status":"passed","title":"searches shallow memory by category and query","duration":14,"failureMessages":[]},{"ancestorTitles":["","memory service"],"fullName":" memory service rejects unsupported category","status":"passed","title":"rejects unsupported category","duration":11,"failureMessages":[]},{"ancestorTitles":["","memory service"],"fullName":" memory service appends deep memory index row and returns pathExists false when target path is missing","status":"passed","title":"appends deep memory index row and returns pathExists false when target path is missing","duration":20,"failureMessages":[]},{"ancestorTitles":["","memory service"],"fullName":" memory service rejects deep memory index paths outside baize root","status":"passed","title":"rejects deep memory index paths outside baize root","duration":11,"failureMessages":[]}],"startTime":1779869373969,"endTime":1779869374052,"status":"passed","message":"","name":"D:/zenghaorang/Robot_BaiZe/tests/memory-service.test.js"},{"assertionResults":[{"ancestorTitles":["","patch policy service"],"fullName":" patch policy service summarizes safe unified diffs","status":"passed","title":"summarizes safe unified diffs","duration":2,"failureMessages":[]},{"ancestorTitles":["","patch policy service"],"fullName":" patch policy service rejects unsafe patch paths","status":"passed","title":"rejects unsafe patch paths","duration":1,"failureMessages":[]},{"ancestorTitles":["","patch policy service"],"fullName":" patch policy service rejects binary patches","status":"passed","title":"rejects binary patches","duration":0,"failureMessages":[]}],"startTime":1779869374212,"endTime":1779869374215,"status":"passed","message":"","name":"D:/zenghaorang/Robot_BaiZe/tests/patch-policy-service.test.js"},{"assertionResults":[{"ancestorTitles":["","pending operation service"],"fullName":" pending operation service creates and loads pending operations","status":"passed","title":"creates and loads pending operations","duration":27,"failureMessages":[]},{"ancestorTitles":["","pending operation service"],"fullName":" pending operation service confirms only matching active operations","status":"passed","title":"confirms only matching active operations","duration":23,"failureMessages":[]},{"ancestorTitles":["","pending operation service"],"fullName":" pending operation service rejects operations and records local application results","status":"passed","title":"rejects operations and records local application results","duration":33,"failureMessages":[]}],"startTime":1779869373970,"endTime":1779869374054,"status":"passed","message":"","name":"D:/zenghaorang/Robot_BaiZe/tests/pending-operation-service.test.js"},{"assertionResults":[{"ancestorTitles":["","Plugin gateway guard"],"fullName":" Plugin gateway guard logic officer assertion baize/logic/assertions/plugin-gateway.md exists","status":"passed","title":"logic officer assertion baize/logic/assertions/plugin-gateway.md exists","duration":4,"failureMessages":[]},{"ancestorTitles":["","Plugin gateway guard"],"fullName":" Plugin gateway guard plugin write APIs are not called from chat-service except inside gateway-driven executors","status":"passed","title":"plugin write APIs are not called from chat-service except inside gateway-driven executors","duration":5,"failureMessages":[]}],"startTime":1779869373963,"endTime":1779869373972,"status":"passed","message":"","name":"D:/zenghaorang/Robot_BaiZe/tests/plugin-gateway-guard.test.js"},{"assertionResults":[{"ancestorTitles":["","plugin service"],"fullName":" plugin service returns reserved plugin placeholder","status":"passed","title":"returns reserved plugin placeholder","duration":3,"failureMessages":[]},{"ancestorTitles":["","plugin service"],"fullName":" plugin service reads skills registry, markdown, and config as context","status":"passed","title":"reads skills registry, markdown, and config as context","duration":27,"failureMessages":[]}],"startTime":1779869373968,"endTime":1779869373998,"status":"passed","message":"","name":"D:/zenghaorang/Robot_BaiZe/tests/plugin-service.test.js"},{"assertionResults":[{"ancestorTitles":["","baize local hub server"],"fullName":" baize local hub server starts a real HTTP server and returns health status","status":"passed","title":"starts a real HTTP server and returns health status","duration":14,"failureMessages":[]}],"startTime":1779869374408,"endTime":1779869374422,"status":"passed","message":"","name":"D:/zenghaorang/Robot_BaiZe/tests/server.test.js"},{"assertionResults":[{"ancestorTitles":["","wecom service"],"fullName":" wecom service handles Baize wake word and returns a local knowledge reply","status":"passed","title":"handles Baize wake word and returns a local knowledge reply","duration":31,"failureMessages":[]},{"ancestorTitles":["","wecom service"],"fullName":" wecom service handles Xiaoze wake word","status":"passed","title":"handles Xiaoze wake word","duration":25,"failureMessages":[]},{"ancestorTitles":["","wecom service"],"fullName":" wecom service ignores text messages without wake words","status":"passed","title":"ignores text messages without wake words","duration":6,"failureMessages":[]},{"ancestorTitles":["","wecom service"],"fullName":" wecom service rejects non-text messages","status":"passed","title":"rejects non-text messages","duration":9,"failureMessages":[]},{"ancestorTitles":["","wecom service"],"fullName":" wecom service rejects empty text content","status":"passed","title":"rejects empty text content","duration":6,"failureMessages":[]}],"startTime":1779869374209,"endTime":1779869374286,"status":"passed","message":"","name":"D:/zenghaorang/Robot_BaiZe/tests/wecom-service.test.js"}]}